  main.cpp
d:\programfiles\microsoft visual studio 14.0\vc\include\hash_map(17): error C2338: <hash_map> is deprecated and will be REMOVED. Please use <unordered_map>. You can define _SILENCE_STDEXT_HASH_DEPRECATION_WARNINGS to acknowledge that you have received this warning.
d:\libraryprojects\leetcode\twosum\main.cpp(6): error C2976: “stdext::hash_map”: 模板 参数太少
  d:\programfiles\microsoft visual studio 14.0\vc\include\hash_map(108): note: 参见“stdext::hash_map”的声明
d:\libraryprojects\leetcode\twosum\main.cpp(6): error C2514: “stdext::hash_map”: 类没有构造函数
  d:\programfiles\microsoft visual studio 14.0\vc\include\hash_map(108): note: 参见“stdext::hash_map”的声明
d:\libraryprojects\leetcode\twosum\main.cpp(7): error C2039: “length”: 不是“std::vector<int,std::allocator<_Ty>>”的成员
          with
          [
              _Ty=int
          ]
  d:\libraryprojects\leetcode\twosum\main.cpp(5): note: 参见“std::vector<int,std::allocator<_Ty>>”的声明
          with
          [
              _Ty=int
          ]
d:\libraryprojects\leetcode\twosum\main.cpp(9): error C2039: “containsKey”: 不是“stdext::hash_map<int,int,stdext::hash_compare<_Kty,std::less<int>>,std::allocator<std::pair<const _Kty,_Ty>>>”的成员
          with
          [
              _Kty=int,
              _Ty=int
          ]
  d:\libraryprojects\leetcode\twosum\main.cpp(6): note: 参见“stdext::hash_map<int,int,stdext::hash_compare<_Kty,std::less<int>>,std::allocator<std::pair<const _Kty,_Ty>>>”的声明
          with
          [
              _Kty=int,
              _Ty=int
          ]
d:\libraryprojects\leetcode\twosum\main.cpp(10): error C2039: “get”: 不是“stdext::hash_map<int,int,stdext::hash_compare<_Kty,std::less<int>>,std::allocator<std::pair<const _Kty,_Ty>>>”的成员
          with
          [
              _Kty=int,
              _Ty=int
          ]
  d:\libraryprojects\leetcode\twosum\main.cpp(6): note: 参见“stdext::hash_map<int,int,stdext::hash_compare<_Kty,std::less<int>>,std::allocator<std::pair<const _Kty,_Ty>>>”的声明
          with
          [
              _Kty=int,
              _Ty=int
          ]
d:\libraryprojects\leetcode\twosum\main.cpp(10): error C3078: 必须在新的表达式中指定数组大小
d:\libraryprojects\leetcode\twosum\main.cpp(10): error C2440: “return”: 无法从“int *”转换为“std::vector<int,std::allocator<_Ty>>”
          with
          [
              _Ty=int
          ]
  d:\libraryprojects\leetcode\twosum\main.cpp(10): note: 无构造函数可以接受源类型，或构造函数重载决策不明确
d:\libraryprojects\leetcode\twosum\main.cpp(12): error C2039: “put”: 不是“stdext::hash_map<int,int,stdext::hash_compare<_Kty,std::less<int>>,std::allocator<std::pair<const _Kty,_Ty>>>”的成员
          with
          [
              _Kty=int,
              _Ty=int
          ]
  d:\libraryprojects\leetcode\twosum\main.cpp(6): note: 参见“stdext::hash_map<int,int,stdext::hash_compare<_Kty,std::less<int>>,std::allocator<std::pair<const _Kty,_Ty>>>”的声明
          with
          [
              _Kty=int,
              _Ty=int
          ]
